<?xml version="1.0" encoding="UTF-8"?>
<!-- Generated by org.testng.reporters.JUnitXMLReporter -->
<testsuite hostname="DellJuanPablo" name="NavigateWikipediaTest" tests="7" failures="0" timestamp="4 Sep 2015 04:08:33 GMT" time="257.558" errors="0">
  <testcase name="clickWikiMainImage" time="17.211" classname="com.jpablo.selenium.NewProjectSeleniumMaven.NavigateWikipedia"/>
  <testcase name="doSearchAutoSuggest" time="55.502" classname="com.jpablo.selenium.NewProjectSeleniumMaven.NavigateWikipedia"/>
  <testcase name="doSearchAutoSuggestIndex" time="26.015" classname="com.jpablo.selenium.NewProjectSeleniumMaven.NavigateWikipedia"/>
  <testcase name="openWikipediaEn" time="15.284" classname="com.jpablo.selenium.NewProjectSeleniumMaven.NavigateWikipedia"/>
  <testcase name="openWikipediaEs" time="13.611" classname="com.jpablo.selenium.NewProjectSeleniumMaven.NavigateWikipedia"/>
  <testcase name="searchMainWikiPage" time="24.741" classname="com.jpablo.selenium.NewProjectSeleniumMaven.NavigateWikipedia"/>
  <testcase name="searchWikipediaEN" time="71.676" classname="com.jpablo.selenium.NewProjectSeleniumMaven.NavigateWikipedia"/>
</testsuite> <!-- NavigateWikipediaTest -->
