<?xml version="1.0" encoding="UTF-8"?>
<!-- Generated by org.testng.reporters.JUnitXMLReporter -->
<testsuite hostname="DellJuanPablo" name="Test" tests="8" failures="1" timestamp="1 Sep 2015 04:32:16 GMT" time="296.285" errors="0">
  <testcase name="clickWikiMainImage" time="17.284" classname="com.jpablo.selenium.NewProjectSeleniumMaven.NavigateWikipedia"/>
  <testcase name="doSearchAutoSuggest" time="72.029" classname="com.jpablo.selenium.NewProjectSeleniumMaven.NavigateWikipedia"/>
  <testcase name="doSearchAutoSuggestIndex" time="29.212" classname="com.jpablo.selenium.NewProjectSeleniumMaven.NavigateWikipedia">
    <failure type="java.lang.IndexOutOfBoundsException" message="Index: 1, Size: 0">
      <![CDATA[java.lang.IndexOutOfBoundsException: Index: 1, Size: 0
	at java.util.ArrayList.rangeCheck(Unknown Source)
	at java.util.ArrayList.get(Unknown Source)
	at com.jpablo.selenium.NewProjectSeleniumMaven.NavigateWikipedia.doSearchAutoSuggestIndex(NavigateWikipedia.java:124)
... Removed 33 stack frames]]>
    </failure>
  </testcase> <!-- doSearchAutoSuggestIndex -->
  <testcase name="openWikipediaEn" time="11.03" classname="com.jpablo.selenium.NewProjectSeleniumMaven.NavigateWikipedia"/>
  <testcase name="openWikipediaEs" time="14.497" classname="com.jpablo.selenium.NewProjectSeleniumMaven.NavigateWikipedia"/>
  <testcase name="searchMainWikiPage" time="27.136" classname="com.jpablo.selenium.NewProjectSeleniumMaven.NavigateWikipedia"/>
  <testcase name="searchWikipediaEN" time="40.492" classname="com.jpablo.selenium.NewProjectSeleniumMaven.NavigateWikipedia"/>
  <testcase name="getWordsFromTXT" time="3.181" classname="com.jpablo.selenium.NewProjectSeleniumMaven.WordsFile"/>
</testsuite> <!-- Test -->
