<?xml version="1.0" encoding="UTF-8"?>
<!-- Generated by org.testng.reporters.JUnitXMLReporter -->
<testsuite hostname="DellJuanPablo" name="NavigateWikipediaTest" tests="7" failures="0" timestamp="4 Sep 2015 04:36:23 GMT" time="253.516" errors="0">
  <testcase name="clickWikiMainImage" time="18.707" classname="com.jpablo.selenium.NewProjectSeleniumMaven.NavigateWikipedia"/>
  <testcase name="doSearchAutoSuggest" time="56.825" classname="com.jpablo.selenium.NewProjectSeleniumMaven.NavigateWikipedia"/>
  <testcase name="doSearchAutoSuggestIndex" time="17.908" classname="com.jpablo.selenium.NewProjectSeleniumMaven.NavigateWikipedia"/>
  <testcase name="openWikipediaEn" time="14.183" classname="com.jpablo.selenium.NewProjectSeleniumMaven.NavigateWikipedia"/>
  <testcase name="openWikipediaEs" time="14.777" classname="com.jpablo.selenium.NewProjectSeleniumMaven.NavigateWikipedia"/>
  <testcase name="searchMainWikiPage" time="24.21" classname="com.jpablo.selenium.NewProjectSeleniumMaven.NavigateWikipedia"/>
  <testcase name="searchWikipediaEN" time="72.727" classname="com.jpablo.selenium.NewProjectSeleniumMaven.NavigateWikipedia"/>
</testsuite> <!-- NavigateWikipediaTest -->
