<?xml version="1.0" encoding="UTF-8"?>
<!-- Generated by org.testng.reporters.JUnitXMLReporter -->
<testsuite hostname="DellJuanPablo" name="MainWikipediaTest" tests="3" failures="0" timestamp="19 Sep 2015 17:25:37 GMT" time="80.112" errors="0">
  <testcase name="openMainWikiDE" time="18.182" classname="com.jpablo.selenium.NewProjectSeleniumMaven.MainWikipedia"/>
  <testcase name="openMainWikiEN" time="20.615" classname="com.jpablo.selenium.NewProjectSeleniumMaven.MainWikipedia"/>
  <testcase name="openMainWikiES" time="23.268" classname="com.jpablo.selenium.NewProjectSeleniumMaven.MainWikipedia"/>
</testsuite> <!-- MainWikipediaTest -->
