<?xml version="1.0" encoding="UTF-8"?>
<!-- Generated by org.testng.reporters.JUnitXMLReporter -->
<testsuite hostname="DellJuanPablo" name="MainWikipediaTest" tests="3" failures="0" timestamp="22 Sep 2015 03:26:23 GMT" time="127.155" errors="0">
  <testcase name="openMainWikiDE" time="35.585" classname="com.jpablo.selenium.NewProjectSeleniumMaven.MainWikipedia"/>
  <testcase name="openMainWikiEN" time="38.943" classname="com.jpablo.selenium.NewProjectSeleniumMaven.MainWikipedia"/>
  <testcase name="openMainWikiES" time="34.297" classname="com.jpablo.selenium.NewProjectSeleniumMaven.MainWikipedia"/>
</testsuite> <!-- MainWikipediaTest -->
