<?xml version="1.0" encoding="UTF-8"?>
<!-- Generated by org.testng.reporters.JUnitXMLReporter -->
<testsuite hostname="DellJuanPablo" name="NavigateWikipediaTest" tests="7" failures="0" timestamp="22 Sep 2015 03:20:41 GMT" time="249.391" errors="0">
  <testcase name="clickWikiMainImage" time="17.026" classname="com.jpablo.selenium.NewProjectSeleniumMaven.NavigateWikipedia"/>
  <testcase name="doSearchAutoSuggest" time="57.57" classname="com.jpablo.selenium.NewProjectSeleniumMaven.NavigateWikipedia"/>
  <testcase name="doSearchAutoSuggestIndex" time="22.332" classname="com.jpablo.selenium.NewProjectSeleniumMaven.NavigateWikipedia"/>
  <testcase name="openWikipediaEn" time="12.391" classname="com.jpablo.selenium.NewProjectSeleniumMaven.NavigateWikipedia"/>
  <testcase name="openWikipediaEs" time="14.141" classname="com.jpablo.selenium.NewProjectSeleniumMaven.NavigateWikipedia"/>
  <testcase name="searchMainWikiPage" time="25.263" classname="com.jpablo.selenium.NewProjectSeleniumMaven.NavigateWikipedia"/>
  <testcase name="searchWikipediaEN" time="70.367" classname="com.jpablo.selenium.NewProjectSeleniumMaven.NavigateWikipedia"/>
</testsuite> <!-- NavigateWikipediaTest -->
