<?xml version="1.0" encoding="UTF-8"?>
<testng-results skipped="0" failed="0" total="0" passed="0">
  <reporter-output>
  </reporter-output>
  <suite name="com.jpablo.selenium.TutorialSeleniumMaven.AppTest" duration-ms="20" started-at="2015-07-28T06:05:46Z" finished-at="2015-07-28T06:05:46Z">
    <groups>
    </groups>
    <test name="Command line test" duration-ms="20" started-at="2015-07-28T06:05:46Z" finished-at="2015-07-28T06:05:46Z">
    </test> <!-- Command line test -->
  </suite> <!-- com.jpablo.selenium.TutorialSeleniumMaven.AppTest -->
</testng-results>
