<?xml version="1.0" encoding="UTF-8"?>
<testng-results skipped="0" failed="0" total="1" passed="1">
  <reporter-output>
  </reporter-output>
  <suite name="Default suite" duration-ms="47725" started-at="2015-09-19T17:03:31Z" finished-at="2015-09-19T17:04:19Z">
    <groups>
    </groups>
    <test name="Default test" duration-ms="47725" started-at="2015-09-19T17:03:31Z" finished-at="2015-09-19T17:04:19Z">
      <class name="com.jpablo.selenium.NewProjectSeleniumMaven.MainWikipedia">
        <test-method status="PASS" signature="beforeTest()[pri:0, instance:com.jpablo.selenium.NewProjectSeleniumMaven.MainWikipedia@1417077]" name="beforeTest" is-config="true" duration-ms="21641" started-at="2015-09-19T12:03:31Z" finished-at="2015-09-19T12:03:53Z">
          <reporter-output>
          </reporter-output>
        </test-method> <!-- beforeTest -->
        <test-method status="PASS" signature="openMainWikiEN()[pri:0, instance:com.jpablo.selenium.NewProjectSeleniumMaven.MainWikipedia@1417077]" name="openMainWikiEN" duration-ms="24040" started-at="2015-09-19T12:03:53Z" finished-at="2015-09-19T12:04:17Z">
          <reporter-output>
          </reporter-output>
        </test-method> <!-- openMainWikiEN -->
        <test-method status="PASS" signature="afterTest()[pri:0, instance:com.jpablo.selenium.NewProjectSeleniumMaven.MainWikipedia@1417077]" name="afterTest" is-config="true" duration-ms="1974" started-at="2015-09-19T12:04:17Z" finished-at="2015-09-19T12:04:19Z">
          <reporter-output>
          </reporter-output>
        </test-method> <!-- afterTest -->
      </class> <!-- com.jpablo.selenium.NewProjectSeleniumMaven.MainWikipedia -->
    </test> <!-- Default test -->
  </suite> <!-- Default suite -->
</testng-results>
