<?xml version="1.0" encoding="UTF-8" ?>
<testsuite tests="11" failures="0" name="TestSuite" time="503.95" errors="0" skipped="0">
  <properties>
[...]
</properties>
  <testcase classname="com.jpablo.selenium.NewProjectSeleniumMaven.NavigateWikipedia" name="clickWikiMainImage" time="20.051"/>
  <testcase classname="com.jpablo.selenium.NewProjectSeleniumMaven.NavigateWikipedia" name="doSearchAutoSuggest" time="58.836"/>
  <testcase classname="com.jpablo.selenium.NewProjectSeleniumMaven.NavigateWikipedia" name="doSearchAutoSuggestIndex" time="46.102"/>
  <testcase classname="com.jpablo.selenium.NewProjectSeleniumMaven.NavigateWikipedia" name="openWikipediaEn" time="11.243"/>
  <testcase classname="com.jpablo.selenium.NewProjectSeleniumMaven.NavigateWikipedia" name="openWikipediaEs" time="16.447"/>
  <testcase classname="com.jpablo.selenium.NewProjectSeleniumMaven.NavigateWikipedia" name="searchMainWikiPage" time="25.129"/>
  <testcase classname="com.jpablo.selenium.NewProjectSeleniumMaven.NavigateWikipedia" name="searchWikipediaEN" time="69.862"/>
  <testcase classname="com.jpablo.selenium.NewProjectSeleniumMaven.WordsFile" name="getWordsFromTXT" time="194.245"/>
  <testcase classname="com.jpablo.selenium.NewProjectSeleniumMaven.MainWikipedia" name="openMainWikiDE" time="18.16"/>
  <testcase classname="com.jpablo.selenium.NewProjectSeleniumMaven.MainWikipedia" name="openMainWikiEN" time="20.617"/>
  <testcase classname="com.jpablo.selenium.NewProjectSeleniumMaven.MainWikipedia" name="openMainWikiES" time="23.258"/>
</testsuite>