<?xml version="1.0" encoding="UTF-8"?>
<testng-results skipped="0" failed="0" total="11" passed="11">
  <reporter-output>
  </reporter-output>
  <suite name="NavigateWikipediaSuite" duration-ms="578718" started-at="2015-09-19T17:15:58Z" finished-at="2015-09-19T17:25:37Z">
    <groups>
    </groups>
    <test name="NavigateWikipediaTest" duration-ms="278086" started-at="2015-09-19T17:15:58Z" finished-at="2015-09-19T17:20:36Z">
      <class name="com.jpablo.selenium.NewProjectSeleniumMaven.NavigateWikipedia">
        <test-method status="PASS" signature="beforeTest()[pri:0, instance:com.jpablo.selenium.NewProjectSeleniumMaven.NavigateWikipedia@43840]" name="beforeTest" is-config="true" duration-ms="27641" started-at="2015-09-19T12:15:58Z" finished-at="2015-09-19T12:16:26Z">
          <reporter-output>
          </reporter-output>
        </test-method> <!-- beforeTest -->
        <test-method status="PASS" signature="clickWikiMainImage()[pri:0, instance:com.jpablo.selenium.NewProjectSeleniumMaven.NavigateWikipedia@43840]" name="clickWikiMainImage" duration-ms="20059" started-at="2015-09-19T12:16:26Z" finished-at="2015-09-19T12:16:46Z">
          <reporter-output>
          </reporter-output>
        </test-method> <!-- clickWikiMainImage -->
        <test-method status="PASS" signature="doSearchAutoSuggest()[pri:0, instance:com.jpablo.selenium.NewProjectSeleniumMaven.NavigateWikipedia@43840]" name="doSearchAutoSuggest" duration-ms="58899" started-at="2015-09-19T12:16:46Z" finished-at="2015-09-19T12:17:45Z">
          <reporter-output>
          </reporter-output>
        </test-method> <!-- doSearchAutoSuggest -->
        <test-method status="PASS" signature="doSearchAutoSuggestIndex()[pri:0, instance:com.jpablo.selenium.NewProjectSeleniumMaven.NavigateWikipedia@43840]" name="doSearchAutoSuggestIndex" duration-ms="46102" started-at="2015-09-19T12:17:45Z" finished-at="2015-09-19T12:18:31Z">
          <reporter-output>
          </reporter-output>
        </test-method> <!-- doSearchAutoSuggestIndex -->
        <test-method status="PASS" signature="openWikipediaEn()[pri:0, instance:com.jpablo.selenium.NewProjectSeleniumMaven.NavigateWikipedia@43840]" name="openWikipediaEn" duration-ms="11243" started-at="2015-09-19T12:18:31Z" finished-at="2015-09-19T12:18:42Z">
          <reporter-output>
          </reporter-output>
        </test-method> <!-- openWikipediaEn -->
        <test-method status="PASS" signature="openWikipediaEs()[pri:0, instance:com.jpablo.selenium.NewProjectSeleniumMaven.NavigateWikipedia@43840]" name="openWikipediaEs" duration-ms="16440" started-at="2015-09-19T12:18:42Z" finished-at="2015-09-19T12:18:58Z">
          <reporter-output>
          </reporter-output>
        </test-method> <!-- openWikipediaEs -->
        <test-method status="PASS" signature="searchMainWikiPage()[pri:0, instance:com.jpablo.selenium.NewProjectSeleniumMaven.NavigateWikipedia@43840]" name="searchMainWikiPage" duration-ms="25134" started-at="2015-09-19T12:18:58Z" finished-at="2015-09-19T12:19:24Z">
          <reporter-output>
          </reporter-output>
        </test-method> <!-- searchMainWikiPage -->
        <test-method status="PASS" signature="searchWikipediaEN()[pri:0, instance:com.jpablo.selenium.NewProjectSeleniumMaven.NavigateWikipedia@43840]" name="searchWikipediaEN" duration-ms="69862" started-at="2015-09-19T12:19:24Z" finished-at="2015-09-19T12:20:33Z">
          <reporter-output>
          </reporter-output>
        </test-method> <!-- searchWikipediaEN -->
        <test-method status="PASS" signature="afterTest()[pri:0, instance:com.jpablo.selenium.NewProjectSeleniumMaven.NavigateWikipedia@43840]" name="afterTest" is-config="true" duration-ms="2656" started-at="2015-09-19T12:20:33Z" finished-at="2015-09-19T12:20:36Z">
          <reporter-output>
          </reporter-output>
        </test-method> <!-- afterTest -->
      </class> <!-- com.jpablo.selenium.NewProjectSeleniumMaven.NavigateWikipedia -->
    </test> <!-- NavigateWikipediaTest -->
    <test name="WordsTest" duration-ms="220266" started-at="2015-09-19T17:20:36Z" finished-at="2015-09-19T17:24:17Z">
      <class name="com.jpablo.selenium.NewProjectSeleniumMaven.WordsFile">
        <test-method status="PASS" signature="beforeTest()[pri:0, instance:com.jpablo.selenium.NewProjectSeleniumMaven.WordsFile@f8360d]" name="beforeTest" is-config="true" duration-ms="23740" started-at="2015-09-19T12:20:36Z" finished-at="2015-09-19T12:21:00Z">
          <reporter-output>
          </reporter-output>
        </test-method> <!-- beforeTest -->
        <test-method status="PASS" signature="getWordsFromTXT()[pri:0, instance:com.jpablo.selenium.NewProjectSeleniumMaven.WordsFile@f8360d]" name="getWordsFromTXT" duration-ms="194245" started-at="2015-09-19T12:21:00Z" finished-at="2015-09-19T12:24:14Z">
          <reporter-output>
          </reporter-output>
        </test-method> <!-- getWordsFromTXT -->
        <test-method status="PASS" signature="afterTest()[pri:0, instance:com.jpablo.selenium.NewProjectSeleniumMaven.WordsFile@f8360d]" name="afterTest" is-config="true" duration-ms="2280" started-at="2015-09-19T12:24:14Z" finished-at="2015-09-19T12:24:17Z">
          <reporter-output>
          </reporter-output>
        </test-method> <!-- afterTest -->
      </class> <!-- com.jpablo.selenium.NewProjectSeleniumMaven.WordsFile -->
    </test> <!-- WordsTest -->
    <test name="MainWikipediaTest" duration-ms="80112" started-at="2015-09-19T17:24:17Z" finished-at="2015-09-19T17:25:37Z">
      <class name="com.jpablo.selenium.NewProjectSeleniumMaven.MainWikipedia">
        <test-method status="PASS" signature="beforeTest()[pri:0, instance:com.jpablo.selenium.NewProjectSeleniumMaven.MainWikipedia@13f5a29]" name="beforeTest" is-config="true" duration-ms="16449" started-at="2015-09-19T12:24:17Z" finished-at="2015-09-19T12:24:33Z">
          <reporter-output>
          </reporter-output>
        </test-method> <!-- beforeTest -->
        <test-method status="PASS" signature="openMainWikiDE()[pri:0, instance:com.jpablo.selenium.NewProjectSeleniumMaven.MainWikipedia@13f5a29]" name="openMainWikiDE" duration-ms="18182" started-at="2015-09-19T12:24:33Z" finished-at="2015-09-19T12:24:51Z">
          <reporter-output>
          </reporter-output>
        </test-method> <!-- openMainWikiDE -->
        <test-method status="PASS" signature="openMainWikiEN()[pri:0, instance:com.jpablo.selenium.NewProjectSeleniumMaven.MainWikipedia@13f5a29]" name="openMainWikiEN" duration-ms="20615" started-at="2015-09-19T12:24:51Z" finished-at="2015-09-19T12:25:12Z">
          <reporter-output>
          </reporter-output>
        </test-method> <!-- openMainWikiEN -->
        <test-method status="PASS" signature="openMainWikiES()[pri:0, instance:com.jpablo.selenium.NewProjectSeleniumMaven.MainWikipedia@13f5a29]" name="openMainWikiES" duration-ms="23268" started-at="2015-09-19T12:25:12Z" finished-at="2015-09-19T12:25:35Z">
          <reporter-output>
          </reporter-output>
        </test-method> <!-- openMainWikiES -->
        <test-method status="PASS" signature="afterTest()[pri:0, instance:com.jpablo.selenium.NewProjectSeleniumMaven.MainWikipedia@13f5a29]" name="afterTest" is-config="true" duration-ms="1596" started-at="2015-09-19T12:25:35Z" finished-at="2015-09-19T12:25:37Z">
          <reporter-output>
          </reporter-output>
        </test-method> <!-- afterTest -->
      </class> <!-- com.jpablo.selenium.NewProjectSeleniumMaven.MainWikipedia -->
    </test> <!-- MainWikipediaTest -->
  </suite> <!-- NavigateWikipediaSuite -->
</testng-results>
