<?xml version="1.0" encoding="UTF-8"?>
<!-- Generated by org.testng.reporters.JUnitXMLReporter -->
<testsuite hostname="DellJuanPablo" name="Default test" tests="4" failures="0" timestamp="9 Aug 2015 05:50:00 GMT" time="59.708" errors="0">
  <testcase name="doSearch" time="10.592" classname="com.jpablo.selenium.TutorialSeleniumMavenTestNG.NavigateGoogleFirefox"/>
  <testcase name="openGoogle" time="3.466" classname="com.jpablo.selenium.TutorialSeleniumMavenTestNG.NavigateGoogleFirefox"/>
  <testcase name="openImagesLink" time="7.133" classname="com.jpablo.selenium.TutorialSeleniumMavenTestNG.NavigateGoogleFirefox"/>
  <testcase name="selectAutoSuggestions" time="9.213" classname="com.jpablo.selenium.TutorialSeleniumMavenTestNG.NavigateGoogleFirefox"/>
</testsuite> <!-- Default test -->
